Arguments: 
  C:\Program Files\nodejs\node.exe C:\Program Files (x86)\Yarn\bin\yarn.js install

PATH: 
  C:\Program Files (x86)\VMware\VMware Player\bin\;C:\WINDOWS\system32;C:\WINDOWS;C:\WINDOWS\System32\Wbem;C:\WINDOWS\System32\WindowsPowerShell\v1.0\;C:\WINDOWS\System32\OpenSSH\;C:\SY110Programs;C:\OpenSSL-Win32\bin;C:\Program Files (x86)\dotnet\;C:\Program Files\Wolfram Research\WolframScript\;C:\Program Files\MATLAB\R2021b\bin;C:\Program Files\PuTTY\;C:\Program Files\Git\cmd;C:\Program Files\nodejs\;C:\Program Files (x86)\Yarn\bin\;C:\Users\m243006\AppData\Local\Programs\Python\Python311\Scripts\;C:\Users\m243006\AppData\Local\Programs\Python\Python311\;C:\Users\m243006\AppData\Local\Microsoft\WindowsApps;C:\OpenSSL-Win32\bin;C:\SY110Programs;C:\Users\m243006\AppData\Local\atom\bin;C:\Users\m243006\AppData\Local\Programs\Microsoft VS Code\bin;C:\Users\m243006\AppData\Roaming\npm;C:\Users\m243006\AppData\Local\Yarn\bin

Yarn version: 
  1.22.19

Node version: 
  18.17.0

Platform: 
  win32 x64

Trace: 
  Error: write EPROTO 44050000:error:0A000152:SSL routines:final_renegotiate:unsafe legacy renegotiation disabled:c:\ws\deps\openssl\openssl\ssl\statem\extensions.c:922:
  
      at WriteWrap.onWriteComplete [as oncomplete] (node:internal/stream_base_commons:94:16)

npm manifest: 
  {
    "name": "helios",
    "version": "0.0.1",
    "description": "3D Model application for Helioviewer",
    "main": "Launcher.js",
    "scripts": {
      "test": "jest",
      "docs": "typedoc",
      "view-docs": "open docs/index.html",
      "build": "./build.sh",
      "prettier": "prettier --write src",
      "prettier-test": "prettier --check src"
    },
    "author": "Daniel Garcia-Briseno",
    "license": "MIT",
    "devDependencies": {
      "@babel/plugin-transform-modules-commonjs": "^7.18.6",
      "@babel/preset-react": "^7.18.6",
      "@babel/preset-typescript": "^7.22.5",
      "@types/node": "^20.3.3",
      "@types/react": "^18.2.14",
      "@types/three": "^0.152.1",
      "babel-loader": "^9.1.2",
      "css-loader": "^6.8.1",
      "jest": "^29.5",
      "prettier": "^2.8.8",
      "react": "^18.2.0",
      "react-dom": "^18.2.0",
      "react-flatpickr": "^3.10.13",
      "source-map-loader": "^4.0.1",
      "style-loader": "^3.3.3",
      "ts-loader": "^9.4.3",
      "typedoc": "^0.24.8",
      "typedoc-plugin-missing-exports": "^2.0.0",
      "typescript": "^5.1.3",
      "webpack": "^5.74.0",
      "webpack-cli": "^4.10.0"
    },
    "dependencies": {
      "@tweenjs/tween.js": "^18.6.4",
      "css-modal": "^1.5.0",
      "three": "^0.145.0"
    }
  }

yarn manifest: 
  No manifest

Lockfile: 
  No lockfile
